running egg_info
creating ../../build/rm_localization/rm_localization.egg-info
writing ../../build/rm_localization/rm_localization.egg-info/PKG-INFO
writing dependency_links to ../../build/rm_localization/rm_localization.egg-info/dependency_links.txt
writing requirements to ../../build/rm_localization/rm_localization.egg-info/requires.txt
writing top-level names to ../../build/rm_localization/rm_localization.egg-info/top_level.txt
writing manifest file '../../build/rm_localization/rm_localization.egg-info/SOURCES.txt'
reading manifest file '../../build/rm_localization/rm_localization.egg-info/SOURCES.txt'
writing manifest file '../../build/rm_localization/rm_localization.egg-info/SOURCES.txt'
running build
running build_py
creating /home/gabriel/Robotica/Robotica_APS3/build/rm_localization/build
creating /home/gabriel/Robotica/Robotica_APS3/build/rm_localization/build/lib
creating /home/gabriel/Robotica/Robotica_APS3/build/rm_localization/build/lib/rm_localization
copying rm_localization/__init__.py -> /home/gabriel/Robotica/Robotica_APS3/build/rm_localization/build/lib/rm_localization
running install
running install_lib
creating /home/gabriel/Robotica/Robotica_APS3/install/rm_localization/lib/python3.12/site-packages/rm_localization
copying /home/gabriel/Robotica/Robotica_APS3/build/rm_localization/build/lib/rm_localization/__init__.py -> /home/gabriel/Robotica/Robotica_APS3/install/rm_localization/lib/python3.12/site-packages/rm_localization
byte-compiling /home/gabriel/Robotica/Robotica_APS3/install/rm_localization/lib/python3.12/site-packages/rm_localization/__init__.py to __init__.cpython-312.pyc
running install_data
creating /home/gabriel/Robotica/Robotica_APS3/install/rm_localization/share/ament_index
creating /home/gabriel/Robotica/Robotica_APS3/install/rm_localization/share/ament_index/resource_index
creating /home/gabriel/Robotica/Robotica_APS3/install/rm_localization/share/ament_index/resource_index/packages
copying resource/rm_localization -> /home/gabriel/Robotica/Robotica_APS3/install/rm_localization/share/ament_index/resource_index/packages
copying package.xml -> /home/gabriel/Robotica/Robotica_APS3/install/rm_localization/share/rm_localization
creating /home/gabriel/Robotica/Robotica_APS3/install/rm_localization/share/rm_localization/config
copying config/slam_toolbox.yaml -> /home/gabriel/Robotica/Robotica_APS3/install/rm_localization/share/rm_localization/config
copying config/amcl.yaml -> /home/gabriel/Robotica/Robotica_APS3/install/rm_localization/share/rm_localization/config
creating /home/gabriel/Robotica/Robotica_APS3/install/rm_localization/share/rm_localization/launch
copying launch/slam.launch.py -> /home/gabriel/Robotica/Robotica_APS3/install/rm_localization/share/rm_localization/launch
copying launch/amcl.launch.py -> /home/gabriel/Robotica/Robotica_APS3/install/rm_localization/share/rm_localization/launch
creating /home/gabriel/Robotica/Robotica_APS3/install/rm_localization/share/rm_localization/maps
running install_egg_info
Copying ../../build/rm_localization/rm_localization.egg-info to /home/gabriel/Robotica/Robotica_APS3/install/rm_localization/lib/python3.12/site-packages/rm_localization-0.0.0-py3.12.egg-info
running install_scripts
writing list of installed files to '/home/gabriel/Robotica/Robotica_APS3/build/rm_localization/install.log'
