[1.087s] Invoking command in '/home/gabriel/Robotica/Robotica_APS3/src/rm_localization': DEBUGINFOD_URLS=https://debuginfod.ubuntu.com PYTHONPATH=/home/gabriel/Robotica/Robotica_APS3/build/rm_localization/prefix_override:/usr/lib/python3/dist-packages/colcon_core/task/python/colcon_distutils_commands:/home/gabriel/Robotica/Robotica_APS3/install/rm_localization/lib/python3.12/site-packages:${PYTHONPATH} /usr/bin/python3 -W ignore:setup.py install is deprecated -W ignore:easy_install command is deprecated setup.py egg_info --egg-base ../../build/rm_localization build --build-base /home/gabriel/Robotica/Robotica_APS3/build/rm_localization/build install --record /home/gabriel/Robotica/Robotica_APS3/build/rm_localization/install.log --single-version-externally-managed install_data
[1.435s] running egg_info
[1.435s] creating ../../build/rm_localization/rm_localization.egg-info
[1.456s] writing ../../build/rm_localization/rm_localization.egg-info/PKG-INFO
[1.457s] writing dependency_links to ../../build/rm_localization/rm_localization.egg-info/dependency_links.txt
[1.457s] writing requirements to ../../build/rm_localization/rm_localization.egg-info/requires.txt
[1.457s] writing top-level names to ../../build/rm_localization/rm_localization.egg-info/top_level.txt
[1.457s] writing manifest file '../../build/rm_localization/rm_localization.egg-info/SOURCES.txt'
[1.501s] reading manifest file '../../build/rm_localization/rm_localization.egg-info/SOURCES.txt'
[1.501s] writing manifest file '../../build/rm_localization/rm_localization.egg-info/SOURCES.txt'
[1.502s] running build
[1.502s] running build_py
[1.502s] creating /home/gabriel/Robotica/Robotica_APS3/build/rm_localization/build
[1.502s] creating /home/gabriel/Robotica/Robotica_APS3/build/rm_localization/build/lib
[1.503s] creating /home/gabriel/Robotica/Robotica_APS3/build/rm_localization/build/lib/rm_localization
[1.503s] copying rm_localization/__init__.py -> /home/gabriel/Robotica/Robotica_APS3/build/rm_localization/build/lib/rm_localization
[1.503s] running install
[1.510s] running install_lib
[1.532s] creating /home/gabriel/Robotica/Robotica_APS3/install/rm_localization/lib/python3.12/site-packages/rm_localization
[1.532s] copying /home/gabriel/Robotica/Robotica_APS3/build/rm_localization/build/lib/rm_localization/__init__.py -> /home/gabriel/Robotica/Robotica_APS3/install/rm_localization/lib/python3.12/site-packages/rm_localization
[1.532s] byte-compiling /home/gabriel/Robotica/Robotica_APS3/install/rm_localization/lib/python3.12/site-packages/rm_localization/__init__.py to __init__.cpython-312.pyc
[1.532s] running install_data
[1.533s] creating /home/gabriel/Robotica/Robotica_APS3/install/rm_localization/share/ament_index
[1.533s] creating /home/gabriel/Robotica/Robotica_APS3/install/rm_localization/share/ament_index/resource_index
[1.533s] creating /home/gabriel/Robotica/Robotica_APS3/install/rm_localization/share/ament_index/resource_index/packages
[1.533s] copying resource/rm_localization -> /home/gabriel/Robotica/Robotica_APS3/install/rm_localization/share/ament_index/resource_index/packages
[1.533s] copying package.xml -> /home/gabriel/Robotica/Robotica_APS3/install/rm_localization/share/rm_localization
[1.533s] creating /home/gabriel/Robotica/Robotica_APS3/install/rm_localization/share/rm_localization/config
[1.534s] copying config/slam_toolbox.yaml -> /home/gabriel/Robotica/Robotica_APS3/install/rm_localization/share/rm_localization/config
[1.534s] copying config/amcl.yaml -> /home/gabriel/Robotica/Robotica_APS3/install/rm_localization/share/rm_localization/config
[1.534s] creating /home/gabriel/Robotica/Robotica_APS3/install/rm_localization/share/rm_localization/launch
[1.534s] copying launch/slam.launch.py -> /home/gabriel/Robotica/Robotica_APS3/install/rm_localization/share/rm_localization/launch
[1.534s] copying launch/amcl.launch.py -> /home/gabriel/Robotica/Robotica_APS3/install/rm_localization/share/rm_localization/launch
[1.534s] creating /home/gabriel/Robotica/Robotica_APS3/install/rm_localization/share/rm_localization/maps
[1.534s] running install_egg_info
[1.556s] Copying ../../build/rm_localization/rm_localization.egg-info to /home/gabriel/Robotica/Robotica_APS3/install/rm_localization/lib/python3.12/site-packages/rm_localization-0.0.0-py3.12.egg-info
[1.557s] running install_scripts
[1.704s] writing list of installed files to '/home/gabriel/Robotica/Robotica_APS3/build/rm_localization/install.log'
[1.743s] Invoked command in '/home/gabriel/Robotica/Robotica_APS3/src/rm_localization' returned '0': DEBUGINFOD_URLS=https://debuginfod.ubuntu.com PYTHONPATH=/home/gabriel/Robotica/Robotica_APS3/build/rm_localization/prefix_override:/usr/lib/python3/dist-packages/colcon_core/task/python/colcon_distutils_commands:/home/gabriel/Robotica/Robotica_APS3/install/rm_localization/lib/python3.12/site-packages:${PYTHONPATH} /usr/bin/python3 -W ignore:setup.py install is deprecated -W ignore:easy_install command is deprecated setup.py egg_info --egg-base ../../build/rm_localization build --build-base /home/gabriel/Robotica/Robotica_APS3/build/rm_localization/build install --record /home/gabriel/Robotica/Robotica_APS3/build/rm_localization/install.log --single-version-externally-managed install_data
