[0.949s] Invoking command in '/home/gabriel/Robotica/Robotica_APS3/src/patrol_bot': CMAKE_PREFIX_PATH=/home/gabriel/Robotica/Robotica_APS3/install/custom_interfaces:/home/gabriel/Robotica/Robotica_APS3/install/rm_description:/opt/ros/jazzy/opt/gz_sim_vendor:/opt/ros/jazzy/opt/gz_sensors_vendor:/opt/ros/jazzy/opt/gz_physics_vendor:/opt/ros/jazzy/opt/sdformat_vendor:/opt/ros/jazzy/opt/gz_gui_vendor:/opt/ros/jazzy/opt/gz_transport_vendor:/opt/ros/jazzy/opt/gz_rendering_vendor:/opt/ros/jazzy/opt/gz_plugin_vendor:/opt/ros/jazzy/opt/gz_fuel_tools_vendor:/opt/ros/jazzy/opt/gz_msgs_vendor:/opt/ros/jazzy/opt/gz_common_vendor:/opt/ros/jazzy/opt/gz_math_vendor:/opt/ros/jazzy/opt/gz_utils_vendor:/opt/ros/jazzy/opt/gz_tools_vendor:/opt/ros/jazzy/opt/gz_ogre_next_vendor:/opt/ros/jazzy/opt/gz_dartsim_vendor:/opt/ros/jazzy/opt/gz_cmake_vendor DEBUGINFOD_URLS=https://debuginfod.ubuntu.com LD_LIBRARY_PATH=/home/gabriel/Robotica/Robotica_APS3/install/custom_interfaces/lib:/opt/ros/jazzy/opt/gz_sim_vendor/lib:/opt/ros/jazzy/opt/gz_sensors_vendor/lib:/opt/ros/jazzy/opt/gz_physics_vendor/lib:/opt/ros/jazzy/opt/sdformat_vendor/lib:/opt/ros/jazzy/opt/rviz_ogre_vendor/lib:/opt/ros/jazzy/lib/x86_64-linux-gnu:/opt/ros/jazzy/opt/gz_gui_vendor/lib:/opt/ros/jazzy/opt/gz_transport_vendor/lib:/opt/ros/jazzy/opt/gz_rendering_vendor/lib:/opt/ros/jazzy/opt/gz_plugin_vendor/lib:/opt/ros/jazzy/opt/gz_fuel_tools_vendor/lib:/opt/ros/jazzy/opt/gz_msgs_vendor/lib:/opt/ros/jazzy/opt/gz_common_vendor/lib:/opt/ros/jazzy/opt/gz_math_vendor/lib:/opt/ros/jazzy/opt/gz_utils_vendor/lib:/opt/ros/jazzy/opt/gz_tools_vendor/lib:/opt/ros/jazzy/opt/gz_ogre_next_vendor/lib:/opt/ros/jazzy/opt/gz_dartsim_vendor/lib:/opt/ros/jazzy/opt/gz_cmake_vendor/lib:/opt/ros/jazzy/lib:/home/gabriel/intelFPGA_lite/20.1/modelsim_ase/lib32:/home/gabriel/intelFPGA_lite/20.1/modelsim_ase/lib32:/home/gabriel/intelFPGA_lite/20.1/modelsim_ase/lib32:/home/gabriel/intelFPGA_lite/20.1/modelsim_ase/lib32:/home/gabriel/intelFPGA_lite/20.1/modelsim_ase/lib32 PYTHONPATH=/home/gabriel/Robotica/Robotica_APS3/build/patrol_bot/prefix_override:/usr/lib/python3/dist-packages/colcon_core/task/python/colcon_distutils_commands:/home/gabriel/Robotica/Robotica_APS3/install/patrol_bot/lib/python3.12/site-packages:/home/gabriel/Robotica/Robotica_APS3/install/custom_interfaces/lib/python3.12/site-packages:/home/gabriel/Robotica/Robotica_APS3/install/rm_localization/lib/python3.12/site-packages:/home/gabriel/Robotica/Robotica_APS3/install/patrol_bot/lib/python3.12/site-packages:/opt/ros/jazzy/lib/python3.12/site-packages /usr/bin/python3 -W ignore:setup.py install is deprecated -W ignore:easy_install command is deprecated setup.py egg_info --egg-base ../../build/patrol_bot build --build-base /home/gabriel/Robotica/Robotica_APS3/build/patrol_bot/build install --record /home/gabriel/Robotica/Robotica_APS3/build/patrol_bot/install.log --single-version-externally-managed install_data
[1.264s] running egg_info
[1.264s] creating ../../build/patrol_bot/patrol_bot.egg-info
[1.295s] writing ../../build/patrol_bot/patrol_bot.egg-info/PKG-INFO
[1.295s] writing dependency_links to ../../build/patrol_bot/patrol_bot.egg-info/dependency_links.txt
[1.295s] writing entry points to ../../build/patrol_bot/patrol_bot.egg-info/entry_points.txt
[1.295s] writing requirements to ../../build/patrol_bot/patrol_bot.egg-info/requires.txt
[1.295s] writing top-level names to ../../build/patrol_bot/patrol_bot.egg-info/top_level.txt
[1.295s] writing manifest file '../../build/patrol_bot/patrol_bot.egg-info/SOURCES.txt'
[1.395s] reading manifest file '../../build/patrol_bot/patrol_bot.egg-info/SOURCES.txt'
[1.396s] writing manifest file '../../build/patrol_bot/patrol_bot.egg-info/SOURCES.txt'
[1.396s] running build
[1.396s] running build_py
[1.397s] creating /home/gabriel/Robotica/Robotica_APS3/build/patrol_bot/build
[1.397s] creating /home/gabriel/Robotica/Robotica_APS3/build/patrol_bot/build/lib
[1.397s] creating /home/gabriel/Robotica/Robotica_APS3/build/patrol_bot/build/lib/patrol_bot
[1.397s] copying patrol_bot/patrol_node.py -> /home/gabriel/Robotica/Robotica_APS3/build/patrol_bot/build/lib/patrol_bot
[1.397s] copying patrol_bot/__init__.py -> /home/gabriel/Robotica/Robotica_APS3/build/patrol_bot/build/lib/patrol_bot
[1.397s] copying patrol_bot/rotate_node.py -> /home/gabriel/Robotica/Robotica_APS3/build/patrol_bot/build/lib/patrol_bot
[1.398s] running install
[1.405s] running install_lib
[1.460s] creating /home/gabriel/Robotica/Robotica_APS3/install/patrol_bot/lib/python3.12/site-packages/patrol_bot
[1.461s] copying /home/gabriel/Robotica/Robotica_APS3/build/patrol_bot/build/lib/patrol_bot/patrol_node.py -> /home/gabriel/Robotica/Robotica_APS3/install/patrol_bot/lib/python3.12/site-packages/patrol_bot
[1.461s] copying /home/gabriel/Robotica/Robotica_APS3/build/patrol_bot/build/lib/patrol_bot/__init__.py -> /home/gabriel/Robotica/Robotica_APS3/install/patrol_bot/lib/python3.12/site-packages/patrol_bot
[1.461s] copying /home/gabriel/Robotica/Robotica_APS3/build/patrol_bot/build/lib/patrol_bot/rotate_node.py -> /home/gabriel/Robotica/Robotica_APS3/install/patrol_bot/lib/python3.12/site-packages/patrol_bot
[1.461s] byte-compiling /home/gabriel/Robotica/Robotica_APS3/install/patrol_bot/lib/python3.12/site-packages/patrol_bot/patrol_node.py to patrol_node.cpython-312.pyc
[1.464s] byte-compiling /home/gabriel/Robotica/Robotica_APS3/install/patrol_bot/lib/python3.12/site-packages/patrol_bot/__init__.py to __init__.cpython-312.pyc
[1.464s] byte-compiling /home/gabriel/Robotica/Robotica_APS3/install/patrol_bot/lib/python3.12/site-packages/patrol_bot/rotate_node.py to rotate_node.cpython-312.pyc
[1.466s] running install_data
[1.466s] creating /home/gabriel/Robotica/Robotica_APS3/install/patrol_bot/share/ament_index
[1.466s] creating /home/gabriel/Robotica/Robotica_APS3/install/patrol_bot/share/ament_index/resource_index
[1.467s] creating /home/gabriel/Robotica/Robotica_APS3/install/patrol_bot/share/ament_index/resource_index/packages
[1.467s] copying resource/patrol_bot -> /home/gabriel/Robotica/Robotica_APS3/install/patrol_bot/share/ament_index/resource_index/packages
[1.467s] copying package.xml -> /home/gabriel/Robotica/Robotica_APS3/install/patrol_bot/share/patrol_bot
[1.467s] creating /home/gabriel/Robotica/Robotica_APS3/install/patrol_bot/share/patrol_bot/launch
[1.467s] copying launch/patrol_launch.py -> /home/gabriel/Robotica/Robotica_APS3/install/patrol_bot/share/patrol_bot/launch
[1.467s] running install_egg_info
[1.492s] Copying ../../build/patrol_bot/patrol_bot.egg-info to /home/gabriel/Robotica/Robotica_APS3/install/patrol_bot/lib/python3.12/site-packages/patrol_bot-0.0.0-py3.12.egg-info
[1.493s] running install_scripts
[1.642s] Installing patrol_node script to /home/gabriel/Robotica/Robotica_APS3/install/patrol_bot/lib/patrol_bot
[1.642s] Installing rotate_node script to /home/gabriel/Robotica/Robotica_APS3/install/patrol_bot/lib/patrol_bot
[1.643s] writing list of installed files to '/home/gabriel/Robotica/Robotica_APS3/build/patrol_bot/install.log'
[1.681s] Invoked command in '/home/gabriel/Robotica/Robotica_APS3/src/patrol_bot' returned '0': CMAKE_PREFIX_PATH=/home/gabriel/Robotica/Robotica_APS3/install/custom_interfaces:/home/gabriel/Robotica/Robotica_APS3/install/rm_description:/opt/ros/jazzy/opt/gz_sim_vendor:/opt/ros/jazzy/opt/gz_sensors_vendor:/opt/ros/jazzy/opt/gz_physics_vendor:/opt/ros/jazzy/opt/sdformat_vendor:/opt/ros/jazzy/opt/gz_gui_vendor:/opt/ros/jazzy/opt/gz_transport_vendor:/opt/ros/jazzy/opt/gz_rendering_vendor:/opt/ros/jazzy/opt/gz_plugin_vendor:/opt/ros/jazzy/opt/gz_fuel_tools_vendor:/opt/ros/jazzy/opt/gz_msgs_vendor:/opt/ros/jazzy/opt/gz_common_vendor:/opt/ros/jazzy/opt/gz_math_vendor:/opt/ros/jazzy/opt/gz_utils_vendor:/opt/ros/jazzy/opt/gz_tools_vendor:/opt/ros/jazzy/opt/gz_ogre_next_vendor:/opt/ros/jazzy/opt/gz_dartsim_vendor:/opt/ros/jazzy/opt/gz_cmake_vendor DEBUGINFOD_URLS=https://debuginfod.ubuntu.com LD_LIBRARY_PATH=/home/gabriel/Robotica/Robotica_APS3/install/custom_interfaces/lib:/opt/ros/jazzy/opt/gz_sim_vendor/lib:/opt/ros/jazzy/opt/gz_sensors_vendor/lib:/opt/ros/jazzy/opt/gz_physics_vendor/lib:/opt/ros/jazzy/opt/sdformat_vendor/lib:/opt/ros/jazzy/opt/rviz_ogre_vendor/lib:/opt/ros/jazzy/lib/x86_64-linux-gnu:/opt/ros/jazzy/opt/gz_gui_vendor/lib:/opt/ros/jazzy/opt/gz_transport_vendor/lib:/opt/ros/jazzy/opt/gz_rendering_vendor/lib:/opt/ros/jazzy/opt/gz_plugin_vendor/lib:/opt/ros/jazzy/opt/gz_fuel_tools_vendor/lib:/opt/ros/jazzy/opt/gz_msgs_vendor/lib:/opt/ros/jazzy/opt/gz_common_vendor/lib:/opt/ros/jazzy/opt/gz_math_vendor/lib:/opt/ros/jazzy/opt/gz_utils_vendor/lib:/opt/ros/jazzy/opt/gz_tools_vendor/lib:/opt/ros/jazzy/opt/gz_ogre_next_vendor/lib:/opt/ros/jazzy/opt/gz_dartsim_vendor/lib:/opt/ros/jazzy/opt/gz_cmake_vendor/lib:/opt/ros/jazzy/lib:/home/gabriel/intelFPGA_lite/20.1/modelsim_ase/lib32:/home/gabriel/intelFPGA_lite/20.1/modelsim_ase/lib32:/home/gabriel/intelFPGA_lite/20.1/modelsim_ase/lib32:/home/gabriel/intelFPGA_lite/20.1/modelsim_ase/lib32:/home/gabriel/intelFPGA_lite/20.1/modelsim_ase/lib32 PYTHONPATH=/home/gabriel/Robotica/Robotica_APS3/build/patrol_bot/prefix_override:/usr/lib/python3/dist-packages/colcon_core/task/python/colcon_distutils_commands:/home/gabriel/Robotica/Robotica_APS3/install/patrol_bot/lib/python3.12/site-packages:/home/gabriel/Robotica/Robotica_APS3/install/custom_interfaces/lib/python3.12/site-packages:/home/gabriel/Robotica/Robotica_APS3/install/rm_localization/lib/python3.12/site-packages:/home/gabriel/Robotica/Robotica_APS3/install/patrol_bot/lib/python3.12/site-packages:/opt/ros/jazzy/lib/python3.12/site-packages /usr/bin/python3 -W ignore:setup.py install is deprecated -W ignore:easy_install command is deprecated setup.py egg_info --egg-base ../../build/patrol_bot build --build-base /home/gabriel/Robotica/Robotica_APS3/build/patrol_bot/build install --record /home/gabriel/Robotica/Robotica_APS3/build/patrol_bot/install.log --single-version-externally-managed install_data
