[3.438s] Invoking command in '/home/gabriel/Robotica/Robotica_APS3/src/rm_localization': DEBUGINFOD_URLS=https://debuginfod.ubuntu.com PYTHONPATH=/home/gabriel/Robotica/Robotica_APS3/build/rm_localization/prefix_override:/usr/lib/python3/dist-packages/colcon_core/task/python/colcon_distutils_commands:/home/gabriel/Robotica/Robotica_APS3/install/rm_localization/lib/python3.12/site-packages:${PYTHONPATH} /usr/bin/python3 -W ignore:setup.py install is deprecated -W ignore:easy_install command is deprecated setup.py egg_info --egg-base ../../build/rm_localization build --build-base /home/gabriel/Robotica/Robotica_APS3/build/rm_localization/build install --record /home/gabriel/Robotica/Robotica_APS3/build/rm_localization/install.log --single-version-externally-managed install_data
[4.509s] running egg_info
[4.580s] writing ../../build/rm_localization/rm_localization.egg-info/PKG-INFO
[4.580s] writing dependency_links to ../../build/rm_localization/rm_localization.egg-info/dependency_links.txt
[4.581s] writing requirements to ../../build/rm_localization/rm_localization.egg-info/requires.txt
[4.581s] writing top-level names to ../../build/rm_localization/rm_localization.egg-info/top_level.txt
[4.737s] reading manifest file '../../build/rm_localization/rm_localization.egg-info/SOURCES.txt'
[4.740s] writing manifest file '../../build/rm_localization/rm_localization.egg-info/SOURCES.txt'
[4.740s] running build
[4.740s] running build_py
[4.741s] running install
[4.759s] running install_lib
[4.803s] running install_data
[4.803s] copying config/slam_toolbox.yaml -> /home/gabriel/Robotica/Robotica_APS3/install/rm_localization/share/rm_localization/config
[4.804s] running install_egg_info
[4.889s] removing '/home/gabriel/Robotica/Robotica_APS3/install/rm_localization/lib/python3.12/site-packages/rm_localization-0.0.0-py3.12.egg-info' (and everything under it)
[4.900s] Copying ../../build/rm_localization/rm_localization.egg-info to /home/gabriel/Robotica/Robotica_APS3/install/rm_localization/lib/python3.12/site-packages/rm_localization-0.0.0-py3.12.egg-info
[4.903s] running install_scripts
[5.463s] writing list of installed files to '/home/gabriel/Robotica/Robotica_APS3/build/rm_localization/install.log'
[5.618s] Invoked command in '/home/gabriel/Robotica/Robotica_APS3/src/rm_localization' returned '0': DEBUGINFOD_URLS=https://debuginfod.ubuntu.com PYTHONPATH=/home/gabriel/Robotica/Robotica_APS3/build/rm_localization/prefix_override:/usr/lib/python3/dist-packages/colcon_core/task/python/colcon_distutils_commands:/home/gabriel/Robotica/Robotica_APS3/install/rm_localization/lib/python3.12/site-packages:${PYTHONPATH} /usr/bin/python3 -W ignore:setup.py install is deprecated -W ignore:easy_install command is deprecated setup.py egg_info --egg-base ../../build/rm_localization build --build-base /home/gabriel/Robotica/Robotica_APS3/build/rm_localization/build install --record /home/gabriel/Robotica/Robotica_APS3/build/rm_localization/install.log --single-version-externally-managed install_data
