[0.131s] DEBUG:colcon:Command line arguments: ['/usr/bin/colcon', 'build']
[0.131s] DEBUG:colcon:Parsed command line arguments: Namespace(log_base=None, log_level=None, verb_name='build', build_base='build', install_base='install', merge_install=False, symlink_install=False, test_result_base=None, continue_on_error=False, executor='parallel', parallel_workers=12, event_handlers=None, ignore_user_meta=False, metas=['./colcon.meta'], base_paths=['.'], packages_ignore=None, packages_ignore_regex=None, paths=None, packages_up_to=None, packages_up_to_regex=None, packages_above=None, packages_above_and_dependencies=None, packages_above_depth=None, packages_select_by_dep=None, packages_skip_by_dep=None, packages_skip_up_to=None, packages_select_build_failed=False, packages_skip_build_finished=False, packages_select_test_failures=False, packages_skip_test_passed=False, packages_select=None, packages_skip=None, packages_select_regex=None, packages_skip_regex=None, packages_start=None, packages_end=None, allow_overriding=[], cmake_args=None, cmake_target=None, cmake_target_skip_unavailable=False, cmake_clean_cache=False, cmake_clean_first=False, cmake_force_configure=False, ament_cmake_args=None, catkin_cmake_args=None, catkin_skip_building_tests=False, mixin_files=None, mixin=None, verb_parser=<colcon_mixin.mixin.mixin_argument.MixinArgumentDecorator object at 0x750725ba2f90>, verb_extension=<colcon_core.verb.build.BuildVerb object at 0x750725ba2c90>, main=<bound method BuildVerb.main of <colcon_core.verb.build.BuildVerb object at 0x750725ba2c90>>, mixin_verb=('build',))
[0.178s] Level 1:colcon.colcon_core.package_discovery:discover_packages(colcon_meta) check parameters
[0.178s] Level 1:colcon.colcon_core.package_discovery:discover_packages(recursive) check parameters
[0.178s] Level 1:colcon.colcon_core.package_discovery:discover_packages(ignore) check parameters
[0.178s] Level 1:colcon.colcon_core.package_discovery:discover_packages(path) check parameters
[0.178s] Level 1:colcon.colcon_core.package_discovery:discover_packages(colcon_meta) discover
[0.178s] Level 1:colcon.colcon_core.package_discovery:discover_packages(recursive) discover
[0.178s] INFO:colcon.colcon_core.package_discovery:Crawling recursively for packages in '/home/gabriel/Robotica/Robotica_APS3'
[0.178s] Level 1:colcon.colcon_core.package_identification:_identify(.) by extensions ['ignore', 'ignore_ament_install']
[0.179s] Level 1:colcon.colcon_core.package_identification:_identify(.) by extension 'ignore'
[0.179s] Level 1:colcon.colcon_core.package_identification:_identify(.) by extension 'ignore_ament_install'
[0.179s] Level 1:colcon.colcon_core.package_identification:_identify(.) by extensions ['colcon_pkg']
[0.179s] Level 1:colcon.colcon_core.package_identification:_identify(.) by extension 'colcon_pkg'
[0.179s] Level 1:colcon.colcon_core.package_identification:_identify(.) by extensions ['colcon_meta']
[0.179s] Level 1:colcon.colcon_core.package_identification:_identify(.) by extension 'colcon_meta'
[0.179s] Level 1:colcon.colcon_core.package_identification:_identify(.) by extensions ['ros']
[0.179s] Level 1:colcon.colcon_core.package_identification:_identify(.) by extension 'ros'
[0.211s] Level 1:colcon.colcon_core.package_identification:_identify(.) by extensions ['cmake', 'python']
[0.211s] Level 1:colcon.colcon_core.package_identification:_identify(.) by extension 'cmake'
[0.211s] Level 1:colcon.colcon_core.package_identification:_identify(.) by extension 'python'
[0.211s] Level 1:colcon.colcon_core.package_identification:_identify(.) by extensions ['python_setup_py']
[0.211s] Level 1:colcon.colcon_core.package_identification:_identify(.) by extension 'python_setup_py'
[0.211s] Level 1:colcon.colcon_core.package_identification:_identify(build) by extensions ['ignore', 'ignore_ament_install']
[0.212s] Level 1:colcon.colcon_core.package_identification:_identify(build) by extension 'ignore'
[0.212s] Level 1:colcon.colcon_core.package_identification:_identify(build) ignored
[0.212s] Level 1:colcon.colcon_core.package_identification:_identify(install) by extensions ['ignore', 'ignore_ament_install']
[0.212s] Level 1:colcon.colcon_core.package_identification:_identify(install) by extension 'ignore'
[0.212s] Level 1:colcon.colcon_core.package_identification:_identify(install) ignored
[0.212s] Level 1:colcon.colcon_core.package_identification:_identify(log) by extensions ['ignore', 'ignore_ament_install']
[0.212s] Level 1:colcon.colcon_core.package_identification:_identify(log) by extension 'ignore'
[0.212s] Level 1:colcon.colcon_core.package_identification:_identify(log) ignored
[0.212s] Level 1:colcon.colcon_core.package_identification:_identify(src) by extensions ['ignore', 'ignore_ament_install']
[0.212s] Level 1:colcon.colcon_core.package_identification:_identify(src) by extension 'ignore'
[0.212s] Level 1:colcon.colcon_core.package_identification:_identify(src) by extension 'ignore_ament_install'
[0.212s] Level 1:colcon.colcon_core.package_identification:_identify(src) by extensions ['colcon_pkg']
[0.212s] Level 1:colcon.colcon_core.package_identification:_identify(src) by extension 'colcon_pkg'
[0.212s] Level 1:colcon.colcon_core.package_identification:_identify(src) by extensions ['colcon_meta']
[0.212s] Level 1:colcon.colcon_core.package_identification:_identify(src) by extension 'colcon_meta'
[0.213s] Level 1:colcon.colcon_core.package_identification:_identify(src) by extensions ['ros']
[0.213s] Level 1:colcon.colcon_core.package_identification:_identify(src) by extension 'ros'
[0.213s] Level 1:colcon.colcon_core.package_identification:_identify(src) by extensions ['cmake', 'python']
[0.213s] Level 1:colcon.colcon_core.package_identification:_identify(src) by extension 'cmake'
[0.213s] Level 1:colcon.colcon_core.package_identification:_identify(src) by extension 'python'
[0.213s] Level 1:colcon.colcon_core.package_identification:_identify(src) by extensions ['python_setup_py']
[0.213s] Level 1:colcon.colcon_core.package_identification:_identify(src) by extension 'python_setup_py'
[0.213s] Level 1:colcon.colcon_core.package_identification:_identify(src/custom_interfaces) by extensions ['ignore', 'ignore_ament_install']
[0.213s] Level 1:colcon.colcon_core.package_identification:_identify(src/custom_interfaces) by extension 'ignore'
[0.213s] Level 1:colcon.colcon_core.package_identification:_identify(src/custom_interfaces) by extension 'ignore_ament_install'
[0.213s] Level 1:colcon.colcon_core.package_identification:_identify(src/custom_interfaces) by extensions ['colcon_pkg']
[0.213s] Level 1:colcon.colcon_core.package_identification:_identify(src/custom_interfaces) by extension 'colcon_pkg'
[0.213s] Level 1:colcon.colcon_core.package_identification:_identify(src/custom_interfaces) by extensions ['colcon_meta']
[0.213s] Level 1:colcon.colcon_core.package_identification:_identify(src/custom_interfaces) by extension 'colcon_meta'
[0.213s] Level 1:colcon.colcon_core.package_identification:_identify(src/custom_interfaces) by extensions ['ros']
[0.213s] Level 1:colcon.colcon_core.package_identification:_identify(src/custom_interfaces) by extension 'ros'
[0.216s] DEBUG:colcon.colcon_core.package_identification:Package 'src/custom_interfaces' with type 'ros.ament_cmake' and name 'custom_interfaces'
[0.216s] Level 1:colcon.colcon_core.package_identification:_identify(src/patrol_bot) by extensions ['ignore', 'ignore_ament_install']
[0.217s] Level 1:colcon.colcon_core.package_identification:_identify(src/patrol_bot) by extension 'ignore'
[0.217s] Level 1:colcon.colcon_core.package_identification:_identify(src/patrol_bot) by extension 'ignore_ament_install'
[0.217s] Level 1:colcon.colcon_core.package_identification:_identify(src/patrol_bot) by extensions ['colcon_pkg']
[0.217s] Level 1:colcon.colcon_core.package_identification:_identify(src/patrol_bot) by extension 'colcon_pkg'
[0.217s] Level 1:colcon.colcon_core.package_identification:_identify(src/patrol_bot) by extensions ['colcon_meta']
[0.217s] Level 1:colcon.colcon_core.package_identification:_identify(src/patrol_bot) by extension 'colcon_meta'
[0.217s] Level 1:colcon.colcon_core.package_identification:_identify(src/patrol_bot) by extensions ['ros']
[0.217s] Level 1:colcon.colcon_core.package_identification:_identify(src/patrol_bot) by extension 'ros'
[0.218s] DEBUG:colcon.colcon_core.package_identification:Package 'src/patrol_bot' with type 'ros.ament_python' and name 'patrol_bot'
[0.218s] Level 1:colcon.colcon_core.package_identification:_identify(src/rm_description) by extensions ['ignore', 'ignore_ament_install']
[0.218s] Level 1:colcon.colcon_core.package_identification:_identify(src/rm_description) by extension 'ignore'
[0.218s] Level 1:colcon.colcon_core.package_identification:_identify(src/rm_description) by extension 'ignore_ament_install'
[0.218s] Level 1:colcon.colcon_core.package_identification:_identify(src/rm_description) by extensions ['colcon_pkg']
[0.218s] Level 1:colcon.colcon_core.package_identification:_identify(src/rm_description) by extension 'colcon_pkg'
[0.218s] Level 1:colcon.colcon_core.package_identification:_identify(src/rm_description) by extensions ['colcon_meta']
[0.218s] Level 1:colcon.colcon_core.package_identification:_identify(src/rm_description) by extension 'colcon_meta'
[0.218s] Level 1:colcon.colcon_core.package_identification:_identify(src/rm_description) by extensions ['ros']
[0.218s] Level 1:colcon.colcon_core.package_identification:_identify(src/rm_description) by extension 'ros'
[0.219s] DEBUG:colcon.colcon_core.package_identification:Package 'src/rm_description' with type 'ros.ament_cmake' and name 'rm_description'
[0.219s] Level 1:colcon.colcon_core.package_identification:_identify(src/rm_localization) by extensions ['ignore', 'ignore_ament_install']
[0.219s] Level 1:colcon.colcon_core.package_identification:_identify(src/rm_localization) by extension 'ignore'
[0.219s] Level 1:colcon.colcon_core.package_identification:_identify(src/rm_localization) by extension 'ignore_ament_install'
[0.219s] Level 1:colcon.colcon_core.package_identification:_identify(src/rm_localization) by extensions ['colcon_pkg']
[0.219s] Level 1:colcon.colcon_core.package_identification:_identify(src/rm_localization) by extension 'colcon_pkg'
[0.219s] Level 1:colcon.colcon_core.package_identification:_identify(src/rm_localization) by extensions ['colcon_meta']
[0.219s] Level 1:colcon.colcon_core.package_identification:_identify(src/rm_localization) by extension 'colcon_meta'
[0.219s] Level 1:colcon.colcon_core.package_identification:_identify(src/rm_localization) by extensions ['ros']
[0.219s] Level 1:colcon.colcon_core.package_identification:_identify(src/rm_localization) by extension 'ros'
[0.220s] DEBUG:colcon.colcon_core.package_identification:Package 'src/rm_localization' with type 'ros.ament_python' and name 'rm_localization'
[0.220s] Level 1:colcon.colcon_core.package_discovery:discover_packages(recursive) using defaults
[0.220s] Level 1:colcon.colcon_core.package_discovery:discover_packages(ignore) discover
[0.220s] Level 1:colcon.colcon_core.package_discovery:discover_packages(ignore) using defaults
[0.220s] Level 1:colcon.colcon_core.package_discovery:discover_packages(path) discover
[0.220s] Level 1:colcon.colcon_core.package_discovery:discover_packages(path) using defaults
[0.248s] Level 1:colcon.colcon_core.package_discovery:discover_packages(prefix_path) check parameters
[0.248s] Level 1:colcon.colcon_core.package_discovery:discover_packages(prefix_path) discover
[0.249s] WARNING:colcon.colcon_ros.prefix_path.ament:The path '/home/gabriel/Robotica/Robotica_APS3/install/rm_localization' in the environment variable AMENT_PREFIX_PATH doesn't exist
[0.249s] WARNING:colcon.colcon_ros.prefix_path.ament:The path '/home/gabriel/Robotica/Robotica_APS3/install/rm_description' in the environment variable AMENT_PREFIX_PATH doesn't exist
[0.250s] WARNING:colcon.colcon_ros.prefix_path.ament:The path '/home/gabriel/Robotica/Robotica_APS3/install/patrol_bot' in the environment variable AMENT_PREFIX_PATH doesn't exist
[0.250s] WARNING:colcon.colcon_ros.prefix_path.ament:The path '/home/gabriel/Robotica/Robotica_APS3/install/custom_interfaces' in the environment variable AMENT_PREFIX_PATH doesn't exist
[0.250s] WARNING:colcon.colcon_ros.prefix_path.catkin:The path '/home/gabriel/Robotica/Robotica_APS3/install/rm_description' in the environment variable CMAKE_PREFIX_PATH doesn't exist
[0.250s] WARNING:colcon.colcon_ros.prefix_path.catkin:The path '/home/gabriel/Robotica/Robotica_APS3/install/custom_interfaces' in the environment variable CMAKE_PREFIX_PATH doesn't exist
[0.251s] DEBUG:colcon.colcon_installed_package_information.package_discovery:Found 0 installed packages in /home/gabriel/Robotica/Robotica_APS3/install
[0.254s] DEBUG:colcon.colcon_installed_package_information.package_discovery:Found 370 installed packages in /opt/ros/jazzy
[0.257s] Level 1:colcon.colcon_core.package_discovery:discover_packages(prefix_path) using defaults
[0.315s] Level 5:colcon.colcon_core.verb:set package 'custom_interfaces' build argument 'cmake_args' from command line to 'None'
[0.316s] Level 5:colcon.colcon_core.verb:set package 'custom_interfaces' build argument 'cmake_target' from command line to 'None'
[0.316s] Level 5:colcon.colcon_core.verb:set package 'custom_interfaces' build argument 'cmake_target_skip_unavailable' from command line to 'False'
[0.316s] Level 5:colcon.colcon_core.verb:set package 'custom_interfaces' build argument 'cmake_clean_cache' from command line to 'False'
[0.316s] Level 5:colcon.colcon_core.verb:set package 'custom_interfaces' build argument 'cmake_clean_first' from command line to 'False'
[0.316s] Level 5:colcon.colcon_core.verb:set package 'custom_interfaces' build argument 'cmake_force_configure' from command line to 'False'
[0.316s] Level 5:colcon.colcon_core.verb:set package 'custom_interfaces' build argument 'ament_cmake_args' from command line to 'None'
[0.316s] Level 5:colcon.colcon_core.verb:set package 'custom_interfaces' build argument 'catkin_cmake_args' from command line to 'None'
[0.316s] Level 5:colcon.colcon_core.verb:set package 'custom_interfaces' build argument 'catkin_skip_building_tests' from command line to 'False'
[0.316s] DEBUG:colcon.colcon_core.verb:Building package 'custom_interfaces' with the following arguments: {'ament_cmake_args': None, 'build_base': '/home/gabriel/Robotica/Robotica_APS3/build/custom_interfaces', 'catkin_cmake_args': None, 'catkin_skip_building_tests': False, 'cmake_args': None, 'cmake_clean_cache': False, 'cmake_clean_first': False, 'cmake_force_configure': False, 'cmake_target': None, 'cmake_target_skip_unavailable': False, 'install_base': '/home/gabriel/Robotica/Robotica_APS3/install/custom_interfaces', 'merge_install': False, 'path': '/home/gabriel/Robotica/Robotica_APS3/src/custom_interfaces', 'symlink_install': False, 'test_result_base': None}
[0.316s] Level 5:colcon.colcon_core.verb:set package 'rm_description' build argument 'cmake_args' from command line to 'None'
[0.316s] Level 5:colcon.colcon_core.verb:set package 'rm_description' build argument 'cmake_target' from command line to 'None'
[0.316s] Level 5:colcon.colcon_core.verb:set package 'rm_description' build argument 'cmake_target_skip_unavailable' from command line to 'False'
[0.316s] Level 5:colcon.colcon_core.verb:set package 'rm_description' build argument 'cmake_clean_cache' from command line to 'False'
[0.316s] Level 5:colcon.colcon_core.verb:set package 'rm_description' build argument 'cmake_clean_first' from command line to 'False'
[0.316s] Level 5:colcon.colcon_core.verb:set package 'rm_description' build argument 'cmake_force_configure' from command line to 'False'
[0.316s] Level 5:colcon.colcon_core.verb:set package 'rm_description' build argument 'ament_cmake_args' from command line to 'None'
[0.316s] Level 5:colcon.colcon_core.verb:set package 'rm_description' build argument 'catkin_cmake_args' from command line to 'None'
[0.316s] Level 5:colcon.colcon_core.verb:set package 'rm_description' build argument 'catkin_skip_building_tests' from command line to 'False'
[0.316s] DEBUG:colcon.colcon_core.verb:Building package 'rm_description' with the following arguments: {'ament_cmake_args': None, 'build_base': '/home/gabriel/Robotica/Robotica_APS3/build/rm_description', 'catkin_cmake_args': None, 'catkin_skip_building_tests': False, 'cmake_args': None, 'cmake_clean_cache': False, 'cmake_clean_first': False, 'cmake_force_configure': False, 'cmake_target': None, 'cmake_target_skip_unavailable': False, 'install_base': '/home/gabriel/Robotica/Robotica_APS3/install/rm_description', 'merge_install': False, 'path': '/home/gabriel/Robotica/Robotica_APS3/src/rm_description', 'symlink_install': False, 'test_result_base': None}
[0.317s] Level 5:colcon.colcon_core.verb:set package 'rm_localization' build argument 'cmake_args' from command line to 'None'
[0.317s] Level 5:colcon.colcon_core.verb:set package 'rm_localization' build argument 'cmake_target' from command line to 'None'
[0.317s] Level 5:colcon.colcon_core.verb:set package 'rm_localization' build argument 'cmake_target_skip_unavailable' from command line to 'False'
[0.317s] Level 5:colcon.colcon_core.verb:set package 'rm_localization' build argument 'cmake_clean_cache' from command line to 'False'
[0.317s] Level 5:colcon.colcon_core.verb:set package 'rm_localization' build argument 'cmake_clean_first' from command line to 'False'
[0.317s] Level 5:colcon.colcon_core.verb:set package 'rm_localization' build argument 'cmake_force_configure' from command line to 'False'
[0.317s] Level 5:colcon.colcon_core.verb:set package 'rm_localization' build argument 'ament_cmake_args' from command line to 'None'
[0.317s] Level 5:colcon.colcon_core.verb:set package 'rm_localization' build argument 'catkin_cmake_args' from command line to 'None'
[0.317s] Level 5:colcon.colcon_core.verb:set package 'rm_localization' build argument 'catkin_skip_building_tests' from command line to 'False'
[0.317s] DEBUG:colcon.colcon_core.verb:Building package 'rm_localization' with the following arguments: {'ament_cmake_args': None, 'build_base': '/home/gabriel/Robotica/Robotica_APS3/build/rm_localization', 'catkin_cmake_args': None, 'catkin_skip_building_tests': False, 'cmake_args': None, 'cmake_clean_cache': False, 'cmake_clean_first': False, 'cmake_force_configure': False, 'cmake_target': None, 'cmake_target_skip_unavailable': False, 'install_base': '/home/gabriel/Robotica/Robotica_APS3/install/rm_localization', 'merge_install': False, 'path': '/home/gabriel/Robotica/Robotica_APS3/src/rm_localization', 'symlink_install': False, 'test_result_base': None}
[0.317s] Level 5:colcon.colcon_core.verb:set package 'patrol_bot' build argument 'cmake_args' from command line to 'None'
[0.317s] Level 5:colcon.colcon_core.verb:set package 'patrol_bot' build argument 'cmake_target' from command line to 'None'
[0.317s] Level 5:colcon.colcon_core.verb:set package 'patrol_bot' build argument 'cmake_target_skip_unavailable' from command line to 'False'
[0.317s] Level 5:colcon.colcon_core.verb:set package 'patrol_bot' build argument 'cmake_clean_cache' from command line to 'False'
[0.317s] Level 5:colcon.colcon_core.verb:set package 'patrol_bot' build argument 'cmake_clean_first' from command line to 'False'
[0.317s] Level 5:colcon.colcon_core.verb:set package 'patrol_bot' build argument 'cmake_force_configure' from command line to 'False'
[0.317s] Level 5:colcon.colcon_core.verb:set package 'patrol_bot' build argument 'ament_cmake_args' from command line to 'None'
[0.317s] Level 5:colcon.colcon_core.verb:set package 'patrol_bot' build argument 'catkin_cmake_args' from command line to 'None'
[0.317s] Level 5:colcon.colcon_core.verb:set package 'patrol_bot' build argument 'catkin_skip_building_tests' from command line to 'False'
[0.317s] DEBUG:colcon.colcon_core.verb:Building package 'patrol_bot' with the following arguments: {'ament_cmake_args': None, 'build_base': '/home/gabriel/Robotica/Robotica_APS3/build/patrol_bot', 'catkin_cmake_args': None, 'catkin_skip_building_tests': False, 'cmake_args': None, 'cmake_clean_cache': False, 'cmake_clean_first': False, 'cmake_force_configure': False, 'cmake_target': None, 'cmake_target_skip_unavailable': False, 'install_base': '/home/gabriel/Robotica/Robotica_APS3/install/patrol_bot', 'merge_install': False, 'path': '/home/gabriel/Robotica/Robotica_APS3/src/patrol_bot', 'symlink_install': False, 'test_result_base': None}
[0.317s] INFO:colcon.colcon_core.executor:Executing jobs using 'parallel' executor
[0.319s] DEBUG:colcon.colcon_parallel_executor.executor.parallel:run_until_complete
[0.319s] INFO:colcon.colcon_ros.task.ament_cmake.build:Building ROS package in '/home/gabriel/Robotica/Robotica_APS3/src/custom_interfaces' with build type 'ament_cmake'
[0.319s] INFO:colcon.colcon_cmake.task.cmake.build:Building CMake package in '/home/gabriel/Robotica/Robotica_APS3/src/custom_interfaces'
[0.322s] INFO:colcon.colcon_core.plugin_system:Skipping extension 'colcon_core.shell.bat': Not used on non-Windows systems
[0.322s] INFO:colcon.colcon_core.shell:Skip shell extension 'powershell' for command environment: Not usable outside of PowerShell
[0.322s] DEBUG:colcon.colcon_core.shell:Skip shell extension 'dsv' for command environment
[0.327s] INFO:colcon.colcon_ros.task.ament_cmake.build:Building ROS package in '/home/gabriel/Robotica/Robotica_APS3/src/rm_description' with build type 'ament_cmake'
[0.327s] INFO:colcon.colcon_cmake.task.cmake.build:Building CMake package in '/home/gabriel/Robotica/Robotica_APS3/src/rm_description'
[0.327s] INFO:colcon.colcon_core.shell:Skip shell extension 'powershell' for command environment: Not usable outside of PowerShell
[0.327s] DEBUG:colcon.colcon_core.shell:Skip shell extension 'dsv' for command environment
[0.332s] INFO:colcon.colcon_ros.task.ament_python.build:Building ROS package in '/home/gabriel/Robotica/Robotica_APS3/src/rm_localization' with build type 'ament_python'
[0.332s] Level 1:colcon.colcon_core.shell:create_environment_hook('rm_localization', 'ament_prefix_path')
[0.332s] INFO:colcon.colcon_core.shell:Creating environment hook '/home/gabriel/Robotica/Robotica_APS3/install/rm_localization/share/rm_localization/hook/ament_prefix_path.ps1'
[0.334s] INFO:colcon.colcon_core.shell:Creating environment descriptor '/home/gabriel/Robotica/Robotica_APS3/install/rm_localization/share/rm_localization/hook/ament_prefix_path.dsv'
[0.335s] INFO:colcon.colcon_core.shell:Creating environment hook '/home/gabriel/Robotica/Robotica_APS3/install/rm_localization/share/rm_localization/hook/ament_prefix_path.sh'
[0.336s] INFO:colcon.colcon_core.shell:Skip shell extension 'powershell' for command environment: Not usable outside of PowerShell
[0.336s] DEBUG:colcon.colcon_core.shell:Skip shell extension 'dsv' for command environment
[0.346s] DEBUG:colcon.colcon_core.event_handler.log_command:Invoking command in '/home/gabriel/Robotica/Robotica_APS3/build/custom_interfaces': CMAKE_PREFIX_PATH=${CMAKE_PREFIX_PATH}:/home/gabriel/Robotica/Robotica_APS3/install/rm_localization:/home/gabriel/Robotica/Robotica_APS3/install/patrol_bot:/opt/ros/jazzy DEBUGINFOD_URLS=https://debuginfod.ubuntu.com /usr/bin/cmake /home/gabriel/Robotica/Robotica_APS3/src/custom_interfaces -DCMAKE_INSTALL_PREFIX=/home/gabriel/Robotica/Robotica_APS3/install/custom_interfaces
[0.350s] DEBUG:colcon.colcon_core.event_handler.log_command:Invoking command in '/home/gabriel/Robotica/Robotica_APS3/build/rm_description': CMAKE_PREFIX_PATH=${CMAKE_PREFIX_PATH}:/home/gabriel/Robotica/Robotica_APS3/install/rm_localization:/home/gabriel/Robotica/Robotica_APS3/install/patrol_bot:/opt/ros/jazzy DEBUGINFOD_URLS=https://debuginfod.ubuntu.com /usr/bin/cmake /home/gabriel/Robotica/Robotica_APS3/src/rm_description -DCMAKE_INSTALL_PREFIX=/home/gabriel/Robotica/Robotica_APS3/install/rm_description
[0.690s] INFO:colcon.colcon_core.task.python.build:Building Python package in '/home/gabriel/Robotica/Robotica_APS3/src/rm_localization'
[0.690s] INFO:colcon.colcon_core.shell:Skip shell extension 'powershell' for command environment: Not usable outside of PowerShell
[0.690s] DEBUG:colcon.colcon_core.shell:Skip shell extension 'dsv' for command environment
[1.420s] DEBUG:colcon.colcon_core.event_handler.log_command:Invoking command in '/home/gabriel/Robotica/Robotica_APS3/src/rm_localization': DEBUGINFOD_URLS=https://debuginfod.ubuntu.com PYTHONPATH=/home/gabriel/Robotica/Robotica_APS3/build/rm_localization/prefix_override:/usr/lib/python3/dist-packages/colcon_core/task/python/colcon_distutils_commands:/home/gabriel/Robotica/Robotica_APS3/install/rm_localization/lib/python3.12/site-packages:${PYTHONPATH} /usr/bin/python3 -W ignore:setup.py install is deprecated -W ignore:easy_install command is deprecated setup.py egg_info --egg-base ../../build/rm_localization build --build-base /home/gabriel/Robotica/Robotica_APS3/build/rm_localization/build install --record /home/gabriel/Robotica/Robotica_APS3/build/rm_localization/install.log --single-version-externally-managed install_data
[1.691s] DEBUG:colcon.colcon_core.event_handler.log_command:Invoked command in '/home/gabriel/Robotica/Robotica_APS3/build/rm_description' returned '0': CMAKE_PREFIX_PATH=${CMAKE_PREFIX_PATH}:/home/gabriel/Robotica/Robotica_APS3/install/rm_localization:/home/gabriel/Robotica/Robotica_APS3/install/patrol_bot:/opt/ros/jazzy DEBUGINFOD_URLS=https://debuginfod.ubuntu.com /usr/bin/cmake /home/gabriel/Robotica/Robotica_APS3/src/rm_description -DCMAKE_INSTALL_PREFIX=/home/gabriel/Robotica/Robotica_APS3/install/rm_description
[1.692s] DEBUG:colcon.colcon_core.event_handler.log_command:Invoking command in '/home/gabriel/Robotica/Robotica_APS3/build/rm_description': CMAKE_PREFIX_PATH=${CMAKE_PREFIX_PATH}:/home/gabriel/Robotica/Robotica_APS3/install/rm_localization:/home/gabriel/Robotica/Robotica_APS3/install/patrol_bot:/opt/ros/jazzy DEBUGINFOD_URLS=https://debuginfod.ubuntu.com /usr/bin/cmake --build /home/gabriel/Robotica/Robotica_APS3/build/rm_description -- -j12 -l12
[1.761s] DEBUG:colcon.colcon_core.event_handler.log_command:Invoked command in '/home/gabriel/Robotica/Robotica_APS3/build/rm_description' returned '0': CMAKE_PREFIX_PATH=${CMAKE_PREFIX_PATH}:/home/gabriel/Robotica/Robotica_APS3/install/rm_localization:/home/gabriel/Robotica/Robotica_APS3/install/patrol_bot:/opt/ros/jazzy DEBUGINFOD_URLS=https://debuginfod.ubuntu.com /usr/bin/cmake --build /home/gabriel/Robotica/Robotica_APS3/build/rm_description -- -j12 -l12
[1.779s] DEBUG:colcon.colcon_core.event_handler.log_command:Invoking command in '/home/gabriel/Robotica/Robotica_APS3/build/rm_description': CMAKE_PREFIX_PATH=${CMAKE_PREFIX_PATH}:/home/gabriel/Robotica/Robotica_APS3/install/rm_localization:/home/gabriel/Robotica/Robotica_APS3/install/patrol_bot:/opt/ros/jazzy DEBUGINFOD_URLS=https://debuginfod.ubuntu.com /usr/bin/cmake --install /home/gabriel/Robotica/Robotica_APS3/build/rm_description
[1.796s] Level 1:colcon.colcon_core.environment:create_environment_scripts_only(rm_description)
[1.797s] DEBUG:colcon.colcon_core.event_handler.log_command:Invoked command in '/home/gabriel/Robotica/Robotica_APS3/build/rm_description' returned '0': CMAKE_PREFIX_PATH=${CMAKE_PREFIX_PATH}:/home/gabriel/Robotica/Robotica_APS3/install/rm_localization:/home/gabriel/Robotica/Robotica_APS3/install/patrol_bot:/opt/ros/jazzy DEBUGINFOD_URLS=https://debuginfod.ubuntu.com /usr/bin/cmake --install /home/gabriel/Robotica/Robotica_APS3/build/rm_description
[1.801s] Level 1:colcon.colcon_core.environment:checking '/home/gabriel/Robotica/Robotica_APS3/install/rm_description' for CMake module files
[1.802s] Level 1:colcon.colcon_core.environment:checking '/home/gabriel/Robotica/Robotica_APS3/install/rm_description' for CMake config files
[1.803s] Level 1:colcon.colcon_core.shell:create_environment_hook('rm_description', 'cmake_prefix_path')
[1.803s] INFO:colcon.colcon_core.shell:Creating environment hook '/home/gabriel/Robotica/Robotica_APS3/install/rm_description/share/rm_description/hook/cmake_prefix_path.ps1'
[1.804s] INFO:colcon.colcon_core.shell:Creating environment descriptor '/home/gabriel/Robotica/Robotica_APS3/install/rm_description/share/rm_description/hook/cmake_prefix_path.dsv'
[1.804s] INFO:colcon.colcon_core.shell:Creating environment hook '/home/gabriel/Robotica/Robotica_APS3/install/rm_description/share/rm_description/hook/cmake_prefix_path.sh'
[1.806s] Level 1:colcon.colcon_core.environment:checking '/home/gabriel/Robotica/Robotica_APS3/install/rm_description/bin'
[1.806s] Level 1:colcon.colcon_core.environment:checking '/home/gabriel/Robotica/Robotica_APS3/install/rm_description/lib/pkgconfig/rm_description.pc'
[1.806s] Level 1:colcon.colcon_core.environment:checking '/home/gabriel/Robotica/Robotica_APS3/install/rm_description/lib/python3.12/site-packages'
[1.807s] Level 1:colcon.colcon_core.environment:checking '/home/gabriel/Robotica/Robotica_APS3/install/rm_description/bin'
[1.808s] INFO:colcon.colcon_core.shell:Creating package script '/home/gabriel/Robotica/Robotica_APS3/install/rm_description/share/rm_description/package.ps1'
[1.809s] INFO:colcon.colcon_core.shell:Creating package descriptor '/home/gabriel/Robotica/Robotica_APS3/install/rm_description/share/rm_description/package.dsv'
[1.809s] INFO:colcon.colcon_core.shell:Creating package script '/home/gabriel/Robotica/Robotica_APS3/install/rm_description/share/rm_description/package.sh'
[1.810s] INFO:colcon.colcon_core.shell:Creating package script '/home/gabriel/Robotica/Robotica_APS3/install/rm_description/share/rm_description/package.bash'
[1.810s] INFO:colcon.colcon_core.shell:Creating package script '/home/gabriel/Robotica/Robotica_APS3/install/rm_description/share/rm_description/package.zsh'
[1.811s] Level 1:colcon.colcon_core.environment:create_file_with_runtime_dependencies(/home/gabriel/Robotica/Robotica_APS3/install/rm_description/share/colcon-core/packages/rm_description)
[1.812s] Level 1:colcon.colcon_core.environment:create_environment_scripts_only(rm_description)
[1.812s] Level 1:colcon.colcon_core.environment:checking '/home/gabriel/Robotica/Robotica_APS3/install/rm_description' for CMake module files
[1.812s] Level 1:colcon.colcon_core.environment:checking '/home/gabriel/Robotica/Robotica_APS3/install/rm_description' for CMake config files
[1.813s] Level 1:colcon.colcon_core.shell:create_environment_hook('rm_description', 'cmake_prefix_path')
[1.813s] INFO:colcon.colcon_core.shell:Creating environment hook '/home/gabriel/Robotica/Robotica_APS3/install/rm_description/share/rm_description/hook/cmake_prefix_path.ps1'
[1.813s] INFO:colcon.colcon_core.shell:Creating environment descriptor '/home/gabriel/Robotica/Robotica_APS3/install/rm_description/share/rm_description/hook/cmake_prefix_path.dsv'
[1.813s] INFO:colcon.colcon_core.shell:Creating environment hook '/home/gabriel/Robotica/Robotica_APS3/install/rm_description/share/rm_description/hook/cmake_prefix_path.sh'
[1.814s] Level 1:colcon.colcon_core.environment:checking '/home/gabriel/Robotica/Robotica_APS3/install/rm_description/bin'
[1.814s] Level 1:colcon.colcon_core.environment:checking '/home/gabriel/Robotica/Robotica_APS3/install/rm_description/lib/pkgconfig/rm_description.pc'
[1.814s] Level 1:colcon.colcon_core.environment:checking '/home/gabriel/Robotica/Robotica_APS3/install/rm_description/lib/python3.12/site-packages'
[1.815s] Level 1:colcon.colcon_core.environment:checking '/home/gabriel/Robotica/Robotica_APS3/install/rm_description/bin'
[1.815s] INFO:colcon.colcon_core.shell:Creating package script '/home/gabriel/Robotica/Robotica_APS3/install/rm_description/share/rm_description/package.ps1'
[1.815s] INFO:colcon.colcon_core.shell:Creating package descriptor '/home/gabriel/Robotica/Robotica_APS3/install/rm_description/share/rm_description/package.dsv'
[1.819s] INFO:colcon.colcon_core.shell:Creating package script '/home/gabriel/Robotica/Robotica_APS3/install/rm_description/share/rm_description/package.sh'
[1.820s] INFO:colcon.colcon_core.shell:Creating package script '/home/gabriel/Robotica/Robotica_APS3/install/rm_description/share/rm_description/package.bash'
[1.820s] INFO:colcon.colcon_core.shell:Creating package script '/home/gabriel/Robotica/Robotica_APS3/install/rm_description/share/rm_description/package.zsh'
[1.820s] Level 1:colcon.colcon_core.environment:create_file_with_runtime_dependencies(/home/gabriel/Robotica/Robotica_APS3/install/rm_description/share/colcon-core/packages/rm_description)
[2.076s] Level 1:colcon.colcon_core.environment:checking '/home/gabriel/Robotica/Robotica_APS3/install/rm_localization' for CMake module files
[2.077s] DEBUG:colcon.colcon_core.event_handler.log_command:Invoked command in '/home/gabriel/Robotica/Robotica_APS3/src/rm_localization' returned '0': DEBUGINFOD_URLS=https://debuginfod.ubuntu.com PYTHONPATH=/home/gabriel/Robotica/Robotica_APS3/build/rm_localization/prefix_override:/usr/lib/python3/dist-packages/colcon_core/task/python/colcon_distutils_commands:/home/gabriel/Robotica/Robotica_APS3/install/rm_localization/lib/python3.12/site-packages:${PYTHONPATH} /usr/bin/python3 -W ignore:setup.py install is deprecated -W ignore:easy_install command is deprecated setup.py egg_info --egg-base ../../build/rm_localization build --build-base /home/gabriel/Robotica/Robotica_APS3/build/rm_localization/build install --record /home/gabriel/Robotica/Robotica_APS3/build/rm_localization/install.log --single-version-externally-managed install_data
[2.077s] Level 1:colcon.colcon_core.environment:checking '/home/gabriel/Robotica/Robotica_APS3/install/rm_localization' for CMake config files
[2.077s] Level 1:colcon.colcon_core.environment:checking '/home/gabriel/Robotica/Robotica_APS3/install/rm_localization/lib'
[2.078s] Level 1:colcon.colcon_core.environment:checking '/home/gabriel/Robotica/Robotica_APS3/install/rm_localization/bin'
[2.078s] Level 1:colcon.colcon_core.environment:checking '/home/gabriel/Robotica/Robotica_APS3/install/rm_localization/lib/pkgconfig/rm_localization.pc'
[2.078s] Level 1:colcon.colcon_core.environment:checking '/home/gabriel/Robotica/Robotica_APS3/install/rm_localization/lib/python3.12/site-packages'
[2.078s] Level 1:colcon.colcon_core.shell:create_environment_hook('rm_localization', 'pythonpath')
[2.078s] INFO:colcon.colcon_core.shell:Creating environment hook '/home/gabriel/Robotica/Robotica_APS3/install/rm_localization/share/rm_localization/hook/pythonpath.ps1'
[2.079s] INFO:colcon.colcon_core.shell:Creating environment descriptor '/home/gabriel/Robotica/Robotica_APS3/install/rm_localization/share/rm_localization/hook/pythonpath.dsv'
[2.079s] INFO:colcon.colcon_core.shell:Creating environment hook '/home/gabriel/Robotica/Robotica_APS3/install/rm_localization/share/rm_localization/hook/pythonpath.sh'
[2.080s] Level 1:colcon.colcon_core.environment:checking '/home/gabriel/Robotica/Robotica_APS3/install/rm_localization/bin'
[2.080s] Level 1:colcon.colcon_core.environment:create_environment_scripts_only(rm_localization)
[2.080s] INFO:colcon.colcon_core.shell:Creating package script '/home/gabriel/Robotica/Robotica_APS3/install/rm_localization/share/rm_localization/package.ps1'
[2.081s] INFO:colcon.colcon_core.shell:Creating package descriptor '/home/gabriel/Robotica/Robotica_APS3/install/rm_localization/share/rm_localization/package.dsv'
[2.081s] INFO:colcon.colcon_core.shell:Creating package script '/home/gabriel/Robotica/Robotica_APS3/install/rm_localization/share/rm_localization/package.sh'
[2.081s] INFO:colcon.colcon_core.shell:Creating package script '/home/gabriel/Robotica/Robotica_APS3/install/rm_localization/share/rm_localization/package.bash'
[2.082s] INFO:colcon.colcon_core.shell:Creating package script '/home/gabriel/Robotica/Robotica_APS3/install/rm_localization/share/rm_localization/package.zsh'
[2.082s] Level 1:colcon.colcon_core.environment:create_file_with_runtime_dependencies(/home/gabriel/Robotica/Robotica_APS3/install/rm_localization/share/colcon-core/packages/rm_localization)
[5.037s] DEBUG:colcon.colcon_core.event_handler.log_command:Invoked command in '/home/gabriel/Robotica/Robotica_APS3/build/custom_interfaces' returned '0': CMAKE_PREFIX_PATH=${CMAKE_PREFIX_PATH}:/home/gabriel/Robotica/Robotica_APS3/install/rm_localization:/home/gabriel/Robotica/Robotica_APS3/install/patrol_bot:/opt/ros/jazzy DEBUGINFOD_URLS=https://debuginfod.ubuntu.com /usr/bin/cmake /home/gabriel/Robotica/Robotica_APS3/src/custom_interfaces -DCMAKE_INSTALL_PREFIX=/home/gabriel/Robotica/Robotica_APS3/install/custom_interfaces
[5.038s] DEBUG:colcon.colcon_core.event_handler.log_command:Invoking command in '/home/gabriel/Robotica/Robotica_APS3/build/custom_interfaces': CMAKE_PREFIX_PATH=${CMAKE_PREFIX_PATH}:/home/gabriel/Robotica/Robotica_APS3/install/rm_localization:/home/gabriel/Robotica/Robotica_APS3/install/patrol_bot:/opt/ros/jazzy DEBUGINFOD_URLS=https://debuginfod.ubuntu.com /usr/bin/cmake --build /home/gabriel/Robotica/Robotica_APS3/build/custom_interfaces -- -j12 -l12
[10.150s] DEBUG:colcon.colcon_core.event_handler.log_command:Invoked command in '/home/gabriel/Robotica/Robotica_APS3/build/custom_interfaces' returned '0': CMAKE_PREFIX_PATH=${CMAKE_PREFIX_PATH}:/home/gabriel/Robotica/Robotica_APS3/install/rm_localization:/home/gabriel/Robotica/Robotica_APS3/install/patrol_bot:/opt/ros/jazzy DEBUGINFOD_URLS=https://debuginfod.ubuntu.com /usr/bin/cmake --build /home/gabriel/Robotica/Robotica_APS3/build/custom_interfaces -- -j12 -l12
[10.152s] DEBUG:colcon.colcon_core.event_handler.log_command:Invoking command in '/home/gabriel/Robotica/Robotica_APS3/build/custom_interfaces': CMAKE_PREFIX_PATH=${CMAKE_PREFIX_PATH}:/home/gabriel/Robotica/Robotica_APS3/install/rm_localization:/home/gabriel/Robotica/Robotica_APS3/install/patrol_bot:/opt/ros/jazzy DEBUGINFOD_URLS=https://debuginfod.ubuntu.com /usr/bin/cmake --install /home/gabriel/Robotica/Robotica_APS3/build/custom_interfaces
[10.258s] Level 1:colcon.colcon_core.environment:create_environment_scripts_only(custom_interfaces)
[10.258s] Level 1:colcon.colcon_core.environment:checking '/home/gabriel/Robotica/Robotica_APS3/install/custom_interfaces' for CMake module files
[10.259s] DEBUG:colcon.colcon_core.event_handler.log_command:Invoked command in '/home/gabriel/Robotica/Robotica_APS3/build/custom_interfaces' returned '0': CMAKE_PREFIX_PATH=${CMAKE_PREFIX_PATH}:/home/gabriel/Robotica/Robotica_APS3/install/rm_localization:/home/gabriel/Robotica/Robotica_APS3/install/patrol_bot:/opt/ros/jazzy DEBUGINFOD_URLS=https://debuginfod.ubuntu.com /usr/bin/cmake --install /home/gabriel/Robotica/Robotica_APS3/build/custom_interfaces
[10.260s] Level 1:colcon.colcon_core.environment:checking '/home/gabriel/Robotica/Robotica_APS3/install/custom_interfaces' for CMake config files
[10.261s] Level 1:colcon.colcon_core.shell:create_environment_hook('custom_interfaces', 'cmake_prefix_path')
[10.262s] INFO:colcon.colcon_core.shell:Creating environment hook '/home/gabriel/Robotica/Robotica_APS3/install/custom_interfaces/share/custom_interfaces/hook/cmake_prefix_path.ps1'
[10.263s] INFO:colcon.colcon_core.shell:Creating environment descriptor '/home/gabriel/Robotica/Robotica_APS3/install/custom_interfaces/share/custom_interfaces/hook/cmake_prefix_path.dsv'
[10.263s] INFO:colcon.colcon_core.shell:Creating environment hook '/home/gabriel/Robotica/Robotica_APS3/install/custom_interfaces/share/custom_interfaces/hook/cmake_prefix_path.sh'
[10.264s] Level 1:colcon.colcon_core.environment:checking '/home/gabriel/Robotica/Robotica_APS3/install/custom_interfaces/lib'
[10.264s] Level 1:colcon.colcon_core.shell:create_environment_hook('custom_interfaces', 'ld_library_path_lib')
[10.265s] INFO:colcon.colcon_core.shell:Creating environment hook '/home/gabriel/Robotica/Robotica_APS3/install/custom_interfaces/share/custom_interfaces/hook/ld_library_path_lib.ps1'
[10.265s] INFO:colcon.colcon_core.shell:Creating environment descriptor '/home/gabriel/Robotica/Robotica_APS3/install/custom_interfaces/share/custom_interfaces/hook/ld_library_path_lib.dsv'
[10.266s] INFO:colcon.colcon_core.shell:Creating environment hook '/home/gabriel/Robotica/Robotica_APS3/install/custom_interfaces/share/custom_interfaces/hook/ld_library_path_lib.sh'
[10.266s] Level 1:colcon.colcon_core.environment:checking '/home/gabriel/Robotica/Robotica_APS3/install/custom_interfaces/bin'
[10.266s] Level 1:colcon.colcon_core.environment:checking '/home/gabriel/Robotica/Robotica_APS3/install/custom_interfaces/lib/pkgconfig/custom_interfaces.pc'
[10.267s] Level 1:colcon.colcon_core.environment:checking '/home/gabriel/Robotica/Robotica_APS3/install/custom_interfaces/lib/python3.12/site-packages'
[10.267s] Level 1:colcon.colcon_core.shell:create_environment_hook('custom_interfaces', 'pythonpath')
[10.267s] INFO:colcon.colcon_core.shell:Creating environment hook '/home/gabriel/Robotica/Robotica_APS3/install/custom_interfaces/share/custom_interfaces/hook/pythonpath.ps1'
[10.268s] INFO:colcon.colcon_core.shell:Creating environment descriptor '/home/gabriel/Robotica/Robotica_APS3/install/custom_interfaces/share/custom_interfaces/hook/pythonpath.dsv'
[10.268s] INFO:colcon.colcon_core.shell:Creating environment hook '/home/gabriel/Robotica/Robotica_APS3/install/custom_interfaces/share/custom_interfaces/hook/pythonpath.sh'
[10.270s] Level 1:colcon.colcon_core.environment:checking '/home/gabriel/Robotica/Robotica_APS3/install/custom_interfaces/bin'
[10.270s] INFO:colcon.colcon_core.shell:Creating package script '/home/gabriel/Robotica/Robotica_APS3/install/custom_interfaces/share/custom_interfaces/package.ps1'
[10.271s] INFO:colcon.colcon_core.shell:Creating package descriptor '/home/gabriel/Robotica/Robotica_APS3/install/custom_interfaces/share/custom_interfaces/package.dsv'
[10.272s] INFO:colcon.colcon_core.shell:Creating package script '/home/gabriel/Robotica/Robotica_APS3/install/custom_interfaces/share/custom_interfaces/package.sh'
[10.272s] INFO:colcon.colcon_core.shell:Creating package script '/home/gabriel/Robotica/Robotica_APS3/install/custom_interfaces/share/custom_interfaces/package.bash'
[10.273s] INFO:colcon.colcon_core.shell:Creating package script '/home/gabriel/Robotica/Robotica_APS3/install/custom_interfaces/share/custom_interfaces/package.zsh'
[10.273s] Level 1:colcon.colcon_core.environment:create_file_with_runtime_dependencies(/home/gabriel/Robotica/Robotica_APS3/install/custom_interfaces/share/colcon-core/packages/custom_interfaces)
[10.274s] Level 1:colcon.colcon_core.environment:create_environment_scripts_only(custom_interfaces)
[10.274s] Level 1:colcon.colcon_core.environment:checking '/home/gabriel/Robotica/Robotica_APS3/install/custom_interfaces' for CMake module files
[10.275s] Level 1:colcon.colcon_core.environment:checking '/home/gabriel/Robotica/Robotica_APS3/install/custom_interfaces' for CMake config files
[10.275s] Level 1:colcon.colcon_core.shell:create_environment_hook('custom_interfaces', 'cmake_prefix_path')
[10.275s] INFO:colcon.colcon_core.shell:Creating environment hook '/home/gabriel/Robotica/Robotica_APS3/install/custom_interfaces/share/custom_interfaces/hook/cmake_prefix_path.ps1'
[10.276s] INFO:colcon.colcon_core.shell:Creating environment descriptor '/home/gabriel/Robotica/Robotica_APS3/install/custom_interfaces/share/custom_interfaces/hook/cmake_prefix_path.dsv'
[10.276s] INFO:colcon.colcon_core.shell:Creating environment hook '/home/gabriel/Robotica/Robotica_APS3/install/custom_interfaces/share/custom_interfaces/hook/cmake_prefix_path.sh'
[10.277s] Level 1:colcon.colcon_core.environment:checking '/home/gabriel/Robotica/Robotica_APS3/install/custom_interfaces/lib'
[10.277s] Level 1:colcon.colcon_core.shell:create_environment_hook('custom_interfaces', 'ld_library_path_lib')
[10.277s] INFO:colcon.colcon_core.shell:Creating environment hook '/home/gabriel/Robotica/Robotica_APS3/install/custom_interfaces/share/custom_interfaces/hook/ld_library_path_lib.ps1'
[10.278s] INFO:colcon.colcon_core.shell:Creating environment descriptor '/home/gabriel/Robotica/Robotica_APS3/install/custom_interfaces/share/custom_interfaces/hook/ld_library_path_lib.dsv'
[10.278s] INFO:colcon.colcon_core.shell:Creating environment hook '/home/gabriel/Robotica/Robotica_APS3/install/custom_interfaces/share/custom_interfaces/hook/ld_library_path_lib.sh'
[10.278s] Level 1:colcon.colcon_core.environment:checking '/home/gabriel/Robotica/Robotica_APS3/install/custom_interfaces/bin'
[10.279s] Level 1:colcon.colcon_core.environment:checking '/home/gabriel/Robotica/Robotica_APS3/install/custom_interfaces/lib/pkgconfig/custom_interfaces.pc'
[10.279s] Level 1:colcon.colcon_core.environment:checking '/home/gabriel/Robotica/Robotica_APS3/install/custom_interfaces/lib/python3.12/site-packages'
[10.279s] Level 1:colcon.colcon_core.shell:create_environment_hook('custom_interfaces', 'pythonpath')
[10.279s] INFO:colcon.colcon_core.shell:Creating environment hook '/home/gabriel/Robotica/Robotica_APS3/install/custom_interfaces/share/custom_interfaces/hook/pythonpath.ps1'
[10.280s] INFO:colcon.colcon_core.shell:Creating environment descriptor '/home/gabriel/Robotica/Robotica_APS3/install/custom_interfaces/share/custom_interfaces/hook/pythonpath.dsv'
[10.280s] INFO:colcon.colcon_core.shell:Creating environment hook '/home/gabriel/Robotica/Robotica_APS3/install/custom_interfaces/share/custom_interfaces/hook/pythonpath.sh'
[10.281s] Level 1:colcon.colcon_core.environment:checking '/home/gabriel/Robotica/Robotica_APS3/install/custom_interfaces/bin'
[10.281s] INFO:colcon.colcon_core.shell:Creating package script '/home/gabriel/Robotica/Robotica_APS3/install/custom_interfaces/share/custom_interfaces/package.ps1'
[10.282s] INFO:colcon.colcon_core.shell:Creating package descriptor '/home/gabriel/Robotica/Robotica_APS3/install/custom_interfaces/share/custom_interfaces/package.dsv'
[10.282s] INFO:colcon.colcon_core.shell:Creating package script '/home/gabriel/Robotica/Robotica_APS3/install/custom_interfaces/share/custom_interfaces/package.sh'
[10.283s] INFO:colcon.colcon_core.shell:Creating package script '/home/gabriel/Robotica/Robotica_APS3/install/custom_interfaces/share/custom_interfaces/package.bash'
[10.283s] INFO:colcon.colcon_core.shell:Creating package script '/home/gabriel/Robotica/Robotica_APS3/install/custom_interfaces/share/custom_interfaces/package.zsh'
[10.284s] Level 1:colcon.colcon_core.environment:create_file_with_runtime_dependencies(/home/gabriel/Robotica/Robotica_APS3/install/custom_interfaces/share/colcon-core/packages/custom_interfaces)
[10.284s] INFO:colcon.colcon_ros.task.ament_python.build:Building ROS package in '/home/gabriel/Robotica/Robotica_APS3/src/patrol_bot' with build type 'ament_python'
[10.284s] Level 1:colcon.colcon_core.shell:create_environment_hook('patrol_bot', 'ament_prefix_path')
[10.284s] INFO:colcon.colcon_core.shell:Creating environment hook '/home/gabriel/Robotica/Robotica_APS3/install/patrol_bot/share/patrol_bot/hook/ament_prefix_path.ps1'
[10.285s] INFO:colcon.colcon_core.shell:Creating environment descriptor '/home/gabriel/Robotica/Robotica_APS3/install/patrol_bot/share/patrol_bot/hook/ament_prefix_path.dsv'
[10.286s] INFO:colcon.colcon_core.shell:Creating environment hook '/home/gabriel/Robotica/Robotica_APS3/install/patrol_bot/share/patrol_bot/hook/ament_prefix_path.sh'
[10.286s] INFO:colcon.colcon_core.shell:Skip shell extension 'powershell' for command environment: Not usable outside of PowerShell
[10.286s] DEBUG:colcon.colcon_core.shell:Skip shell extension 'dsv' for command environment
[10.552s] INFO:colcon.colcon_core.task.python.build:Building Python package in '/home/gabriel/Robotica/Robotica_APS3/src/patrol_bot'
[10.552s] INFO:colcon.colcon_core.shell:Skip shell extension 'powershell' for command environment: Not usable outside of PowerShell
[10.553s] DEBUG:colcon.colcon_core.shell:Skip shell extension 'dsv' for command environment
[11.234s] DEBUG:colcon.colcon_core.event_handler.log_command:Invoking command in '/home/gabriel/Robotica/Robotica_APS3/src/patrol_bot': CMAKE_PREFIX_PATH=/home/gabriel/Robotica/Robotica_APS3/install/custom_interfaces:/home/gabriel/Robotica/Robotica_APS3/install/rm_description:/opt/ros/jazzy/opt/gz_sim_vendor:/opt/ros/jazzy/opt/gz_sensors_vendor:/opt/ros/jazzy/opt/gz_physics_vendor:/opt/ros/jazzy/opt/sdformat_vendor:/opt/ros/jazzy/opt/gz_gui_vendor:/opt/ros/jazzy/opt/gz_transport_vendor:/opt/ros/jazzy/opt/gz_rendering_vendor:/opt/ros/jazzy/opt/gz_plugin_vendor:/opt/ros/jazzy/opt/gz_fuel_tools_vendor:/opt/ros/jazzy/opt/gz_msgs_vendor:/opt/ros/jazzy/opt/gz_common_vendor:/opt/ros/jazzy/opt/gz_math_vendor:/opt/ros/jazzy/opt/gz_utils_vendor:/opt/ros/jazzy/opt/gz_tools_vendor:/opt/ros/jazzy/opt/gz_ogre_next_vendor:/opt/ros/jazzy/opt/gz_dartsim_vendor:/opt/ros/jazzy/opt/gz_cmake_vendor DEBUGINFOD_URLS=https://debuginfod.ubuntu.com LD_LIBRARY_PATH=/home/gabriel/Robotica/Robotica_APS3/install/custom_interfaces/lib:/opt/ros/jazzy/opt/gz_sim_vendor/lib:/opt/ros/jazzy/opt/gz_sensors_vendor/lib:/opt/ros/jazzy/opt/gz_physics_vendor/lib:/opt/ros/jazzy/opt/sdformat_vendor/lib:/opt/ros/jazzy/opt/rviz_ogre_vendor/lib:/opt/ros/jazzy/lib/x86_64-linux-gnu:/opt/ros/jazzy/opt/gz_gui_vendor/lib:/opt/ros/jazzy/opt/gz_transport_vendor/lib:/opt/ros/jazzy/opt/gz_rendering_vendor/lib:/opt/ros/jazzy/opt/gz_plugin_vendor/lib:/opt/ros/jazzy/opt/gz_fuel_tools_vendor/lib:/opt/ros/jazzy/opt/gz_msgs_vendor/lib:/opt/ros/jazzy/opt/gz_common_vendor/lib:/opt/ros/jazzy/opt/gz_math_vendor/lib:/opt/ros/jazzy/opt/gz_utils_vendor/lib:/opt/ros/jazzy/opt/gz_tools_vendor/lib:/opt/ros/jazzy/opt/gz_ogre_next_vendor/lib:/opt/ros/jazzy/opt/gz_dartsim_vendor/lib:/opt/ros/jazzy/opt/gz_cmake_vendor/lib:/opt/ros/jazzy/lib:/home/gabriel/intelFPGA_lite/20.1/modelsim_ase/lib32:/home/gabriel/intelFPGA_lite/20.1/modelsim_ase/lib32:/home/gabriel/intelFPGA_lite/20.1/modelsim_ase/lib32:/home/gabriel/intelFPGA_lite/20.1/modelsim_ase/lib32:/home/gabriel/intelFPGA_lite/20.1/modelsim_ase/lib32 PYTHONPATH=/home/gabriel/Robotica/Robotica_APS3/build/patrol_bot/prefix_override:/usr/lib/python3/dist-packages/colcon_core/task/python/colcon_distutils_commands:/home/gabriel/Robotica/Robotica_APS3/install/patrol_bot/lib/python3.12/site-packages:/home/gabriel/Robotica/Robotica_APS3/install/custom_interfaces/lib/python3.12/site-packages:/home/gabriel/Robotica/Robotica_APS3/install/rm_localization/lib/python3.12/site-packages:/home/gabriel/Robotica/Robotica_APS3/install/patrol_bot/lib/python3.12/site-packages:/opt/ros/jazzy/lib/python3.12/site-packages /usr/bin/python3 -W ignore:setup.py install is deprecated -W ignore:easy_install command is deprecated setup.py egg_info --egg-base ../../build/patrol_bot build --build-base /home/gabriel/Robotica/Robotica_APS3/build/patrol_bot/build install --record /home/gabriel/Robotica/Robotica_APS3/build/patrol_bot/install.log --single-version-externally-managed install_data
[11.965s] Level 1:colcon.colcon_core.environment:checking '/home/gabriel/Robotica/Robotica_APS3/install/patrol_bot' for CMake module files
[11.966s] DEBUG:colcon.colcon_core.event_handler.log_command:Invoked command in '/home/gabriel/Robotica/Robotica_APS3/src/patrol_bot' returned '0': CMAKE_PREFIX_PATH=/home/gabriel/Robotica/Robotica_APS3/install/custom_interfaces:/home/gabriel/Robotica/Robotica_APS3/install/rm_description:/opt/ros/jazzy/opt/gz_sim_vendor:/opt/ros/jazzy/opt/gz_sensors_vendor:/opt/ros/jazzy/opt/gz_physics_vendor:/opt/ros/jazzy/opt/sdformat_vendor:/opt/ros/jazzy/opt/gz_gui_vendor:/opt/ros/jazzy/opt/gz_transport_vendor:/opt/ros/jazzy/opt/gz_rendering_vendor:/opt/ros/jazzy/opt/gz_plugin_vendor:/opt/ros/jazzy/opt/gz_fuel_tools_vendor:/opt/ros/jazzy/opt/gz_msgs_vendor:/opt/ros/jazzy/opt/gz_common_vendor:/opt/ros/jazzy/opt/gz_math_vendor:/opt/ros/jazzy/opt/gz_utils_vendor:/opt/ros/jazzy/opt/gz_tools_vendor:/opt/ros/jazzy/opt/gz_ogre_next_vendor:/opt/ros/jazzy/opt/gz_dartsim_vendor:/opt/ros/jazzy/opt/gz_cmake_vendor DEBUGINFOD_URLS=https://debuginfod.ubuntu.com LD_LIBRARY_PATH=/home/gabriel/Robotica/Robotica_APS3/install/custom_interfaces/lib:/opt/ros/jazzy/opt/gz_sim_vendor/lib:/opt/ros/jazzy/opt/gz_sensors_vendor/lib:/opt/ros/jazzy/opt/gz_physics_vendor/lib:/opt/ros/jazzy/opt/sdformat_vendor/lib:/opt/ros/jazzy/opt/rviz_ogre_vendor/lib:/opt/ros/jazzy/lib/x86_64-linux-gnu:/opt/ros/jazzy/opt/gz_gui_vendor/lib:/opt/ros/jazzy/opt/gz_transport_vendor/lib:/opt/ros/jazzy/opt/gz_rendering_vendor/lib:/opt/ros/jazzy/opt/gz_plugin_vendor/lib:/opt/ros/jazzy/opt/gz_fuel_tools_vendor/lib:/opt/ros/jazzy/opt/gz_msgs_vendor/lib:/opt/ros/jazzy/opt/gz_common_vendor/lib:/opt/ros/jazzy/opt/gz_math_vendor/lib:/opt/ros/jazzy/opt/gz_utils_vendor/lib:/opt/ros/jazzy/opt/gz_tools_vendor/lib:/opt/ros/jazzy/opt/gz_ogre_next_vendor/lib:/opt/ros/jazzy/opt/gz_dartsim_vendor/lib:/opt/ros/jazzy/opt/gz_cmake_vendor/lib:/opt/ros/jazzy/lib:/home/gabriel/intelFPGA_lite/20.1/modelsim_ase/lib32:/home/gabriel/intelFPGA_lite/20.1/modelsim_ase/lib32:/home/gabriel/intelFPGA_lite/20.1/modelsim_ase/lib32:/home/gabriel/intelFPGA_lite/20.1/modelsim_ase/lib32:/home/gabriel/intelFPGA_lite/20.1/modelsim_ase/lib32 PYTHONPATH=/home/gabriel/Robotica/Robotica_APS3/build/patrol_bot/prefix_override:/usr/lib/python3/dist-packages/colcon_core/task/python/colcon_distutils_commands:/home/gabriel/Robotica/Robotica_APS3/install/patrol_bot/lib/python3.12/site-packages:/home/gabriel/Robotica/Robotica_APS3/install/custom_interfaces/lib/python3.12/site-packages:/home/gabriel/Robotica/Robotica_APS3/install/rm_localization/lib/python3.12/site-packages:/home/gabriel/Robotica/Robotica_APS3/install/patrol_bot/lib/python3.12/site-packages:/opt/ros/jazzy/lib/python3.12/site-packages /usr/bin/python3 -W ignore:setup.py install is deprecated -W ignore:easy_install command is deprecated setup.py egg_info --egg-base ../../build/patrol_bot build --build-base /home/gabriel/Robotica/Robotica_APS3/build/patrol_bot/build install --record /home/gabriel/Robotica/Robotica_APS3/build/patrol_bot/install.log --single-version-externally-managed install_data
[11.967s] Level 1:colcon.colcon_core.environment:checking '/home/gabriel/Robotica/Robotica_APS3/install/patrol_bot' for CMake config files
[11.968s] Level 1:colcon.colcon_core.environment:checking '/home/gabriel/Robotica/Robotica_APS3/install/patrol_bot/lib'
[11.968s] Level 1:colcon.colcon_core.environment:checking '/home/gabriel/Robotica/Robotica_APS3/install/patrol_bot/bin'
[11.968s] Level 1:colcon.colcon_core.environment:checking '/home/gabriel/Robotica/Robotica_APS3/install/patrol_bot/lib/pkgconfig/patrol_bot.pc'
[11.968s] Level 1:colcon.colcon_core.environment:checking '/home/gabriel/Robotica/Robotica_APS3/install/patrol_bot/lib/python3.12/site-packages'
[11.968s] Level 1:colcon.colcon_core.shell:create_environment_hook('patrol_bot', 'pythonpath')
[11.969s] INFO:colcon.colcon_core.shell:Creating environment hook '/home/gabriel/Robotica/Robotica_APS3/install/patrol_bot/share/patrol_bot/hook/pythonpath.ps1'
[11.969s] INFO:colcon.colcon_core.shell:Creating environment descriptor '/home/gabriel/Robotica/Robotica_APS3/install/patrol_bot/share/patrol_bot/hook/pythonpath.dsv'
[11.969s] INFO:colcon.colcon_core.shell:Creating environment hook '/home/gabriel/Robotica/Robotica_APS3/install/patrol_bot/share/patrol_bot/hook/pythonpath.sh'
[11.970s] Level 1:colcon.colcon_core.environment:checking '/home/gabriel/Robotica/Robotica_APS3/install/patrol_bot/bin'
[11.970s] Level 1:colcon.colcon_core.environment:create_environment_scripts_only(patrol_bot)
[11.971s] INFO:colcon.colcon_core.shell:Creating package script '/home/gabriel/Robotica/Robotica_APS3/install/patrol_bot/share/patrol_bot/package.ps1'
[11.971s] INFO:colcon.colcon_core.shell:Creating package descriptor '/home/gabriel/Robotica/Robotica_APS3/install/patrol_bot/share/patrol_bot/package.dsv'
[11.971s] INFO:colcon.colcon_core.shell:Creating package script '/home/gabriel/Robotica/Robotica_APS3/install/patrol_bot/share/patrol_bot/package.sh'
[11.972s] INFO:colcon.colcon_core.shell:Creating package script '/home/gabriel/Robotica/Robotica_APS3/install/patrol_bot/share/patrol_bot/package.bash'
[11.972s] INFO:colcon.colcon_core.shell:Creating package script '/home/gabriel/Robotica/Robotica_APS3/install/patrol_bot/share/patrol_bot/package.zsh'
[11.972s] Level 1:colcon.colcon_core.environment:create_file_with_runtime_dependencies(/home/gabriel/Robotica/Robotica_APS3/install/patrol_bot/share/colcon-core/packages/patrol_bot)
[11.973s] DEBUG:colcon.colcon_parallel_executor.executor.parallel:closing loop
[11.973s] DEBUG:colcon.colcon_parallel_executor.executor.parallel:loop closed
[11.973s] DEBUG:colcon.colcon_parallel_executor.executor.parallel:run_until_complete finished with '0'
[11.973s] DEBUG:colcon.colcon_core.event_reactor:joining thread
[11.983s] INFO:colcon.colcon_core.plugin_system:Skipping extension 'colcon_notification.desktop_notification.terminal_notifier': Not used on non-Darwin systems
[11.983s] INFO:colcon.colcon_core.plugin_system:Skipping extension 'colcon_notification.desktop_notification.win32': Not used on non-Windows systems
[11.983s] INFO:colcon.colcon_notification.desktop_notification:Sending desktop notification using 'notify2'
[12.010s] DEBUG:colcon.colcon_core.event_reactor:joined thread
[12.011s] INFO:colcon.colcon_core.shell:Creating prefix script '/home/gabriel/Robotica/Robotica_APS3/install/local_setup.ps1'
[12.012s] INFO:colcon.colcon_core.shell:Creating prefix util module '/home/gabriel/Robotica/Robotica_APS3/install/_local_setup_util_ps1.py'
[12.013s] INFO:colcon.colcon_core.shell:Creating prefix chain script '/home/gabriel/Robotica/Robotica_APS3/install/setup.ps1'
[12.014s] INFO:colcon.colcon_core.shell:Creating prefix script '/home/gabriel/Robotica/Robotica_APS3/install/local_setup.sh'
[12.015s] INFO:colcon.colcon_core.shell:Creating prefix util module '/home/gabriel/Robotica/Robotica_APS3/install/_local_setup_util_sh.py'
[12.016s] INFO:colcon.colcon_core.shell:Creating prefix chain script '/home/gabriel/Robotica/Robotica_APS3/install/setup.sh'
[12.017s] INFO:colcon.colcon_core.shell:Creating prefix script '/home/gabriel/Robotica/Robotica_APS3/install/local_setup.bash'
[12.017s] INFO:colcon.colcon_core.shell:Creating prefix chain script '/home/gabriel/Robotica/Robotica_APS3/install/setup.bash'
[12.019s] INFO:colcon.colcon_core.shell:Creating prefix script '/home/gabriel/Robotica/Robotica_APS3/install/local_setup.zsh'
[12.019s] INFO:colcon.colcon_core.shell:Creating prefix chain script '/home/gabriel/Robotica/Robotica_APS3/install/setup.zsh'
